****                   ADMIXTURE Version 1.3.0                  ****
****                    Copyright 2008-2015                     ****
****           David Alexander, Suyash Shringarpure,            ****
****                John  Novembre, Ken Lange                   ****
****                                                            ****
****                 Please cite our paper!                     ****
****   Information at www.genetics.ucla.edu/software/admixture  ****

Cross-validation will be performed.  Folds=5.
Random seed: 43
Point estimation method: Block relaxation algorithm
Convergence acceleration algorithm: QuasiNewton, 3 secant conditions
Point estimation will terminate when objective function delta < 0.0001
Estimation of standard errors disabled; will compute point estimates only.
Size of G: 15x3515198
Performing five EM steps to prime main algorithm
1 (EM) 	Elapsed: 1.341	Loglikelihood: -2.95955e+07	(delta): 5.94314e+07
2 (EM) 	Elapsed: 1.34	Loglikelihood: -2.81963e+07	(delta): 1.39921e+06
3 (EM) 	Elapsed: 1.341	Loglikelihood: -2.76937e+07	(delta): 502609
4 (EM) 	Elapsed: 1.342	Loglikelihood: -2.73537e+07	(delta): 339981
5 (EM) 	Elapsed: 1.344	Loglikelihood: -2.70792e+07	(delta): 274488
Initial loglikelihood: -2.70792e+07
Starting main algorithm
1 (QN/Block) 	Elapsed: 7.891	Loglikelihood: -2.40624e+07	(delta): 3.01682e+06
2 (QN/Block) 	Elapsed: 7.893	Loglikelihood: -2.32377e+07	(delta): 824704
3 (QN/Block) 	Elapsed: 10.281	Loglikelihood: -2.29381e+07	(delta): 299626
4 (QN/Block) 	Elapsed: 9.542	Loglikelihood: -2.27139e+07	(delta): 224228
5 (QN/Block) 	Elapsed: 9.925	Loglikelihood: -2.25811e+07	(delta): 132753
6 (QN/Block) 	Elapsed: 10.708	Loglikelihood: -2.25628e+07	(delta): 18347.6
7 (QN/Block) 	Elapsed: 9.937	Loglikelihood: -2.25604e+07	(delta): 2386.88
8 (QN/Block) 	Elapsed: 10.701	Loglikelihood: -2.25603e+07	(delta): 60.5271
9 (QN/Block) 	Elapsed: 9.545	Loglikelihood: -2.25603e+07	(delta): 0.00557982
10 (QN/Block) 	Elapsed: 9.543	Loglikelihood: -2.25603e+07	(delta): 8.00341e-05
Summary: 
Converged in 10 iterations (108.864 sec)
Loglikelihood: -22560323.558543
Fst divergences between estimated populations: 
	Pop0	
Pop0	
Pop1	0.361	
CV error (K=2): 0.57402
Writing output files.
