****                   ADMIXTURE Version 1.3.0                  ****
****                    Copyright 2008-2015                     ****
****           David Alexander, Suyash Shringarpure,            ****
****                John  Novembre, Ken Lange                   ****
****                                                            ****
****                 Please cite our paper!                     ****
****   Information at www.genetics.ucla.edu/software/admixture  ****

Cross-validation will be performed.  Folds=5.
Random seed: 43
Point estimation method: Block relaxation algorithm
Convergence acceleration algorithm: QuasiNewton, 3 secant conditions
Point estimation will terminate when objective function delta < 0.0001
Estimation of standard errors disabled; will compute point estimates only.
Size of G: 15x3515198
Performing five EM steps to prime main algorithm
1 (EM) 	Elapsed: 1.999	Loglikelihood: -2.96498e+07	(delta): 5.40597e+07
2 (EM) 	Elapsed: 2.002	Loglikelihood: -2.8035e+07	(delta): 1.61475e+06
3 (EM) 	Elapsed: 2.003	Loglikelihood: -2.74094e+07	(delta): 625599
4 (EM) 	Elapsed: 2.004	Loglikelihood: -2.69689e+07	(delta): 440540
5 (EM) 	Elapsed: 2.006	Loglikelihood: -2.66166e+07	(delta): 352265
Initial loglikelihood: -2.66166e+07
Starting main algorithm
1 (QN/Block) 	Elapsed: 10.564	Loglikelihood: -2.32024e+07	(delta): 3.41421e+06
2 (QN/Block) 	Elapsed: 10.522	Loglikelihood: -2.20089e+07	(delta): 1.19352e+06
3 (QN/Block) 	Elapsed: 13.195	Loglikelihood: -2.12644e+07	(delta): 744550
4 (QN/Block) 	Elapsed: 12.778	Loglikelihood: -2.0676e+07	(delta): 588336
5 (QN/Block) 	Elapsed: 12.752	Loglikelihood: -2.0459e+07	(delta): 217035
6 (QN/Block) 	Elapsed: 13.157	Loglikelihood: -2.04219e+07	(delta): 37040.7
7 (QN/Block) 	Elapsed: 13.15	Loglikelihood: -2.04165e+07	(delta): 5439.89
8 (QN/Block) 	Elapsed: 12.719	Loglikelihood: -2.04154e+07	(delta): 1101.32
9 (QN/Block) 	Elapsed: 12.721	Loglikelihood: -2.0415e+07	(delta): 453.07
10 (QN/Block) 	Elapsed: 14.105	Loglikelihood: -2.04147e+07	(delta): 219.679
11 (QN/Block) 	Elapsed: 12.695	Loglikelihood: -2.04147e+07	(delta): 80.4423
12 (QN/Block) 	Elapsed: 14.088	Loglikelihood: -2.04146e+07	(delta): 7.33398
13 (QN/Block) 	Elapsed: 14.094	Loglikelihood: -2.04146e+07	(delta): 0.0274337
14 (QN/Block) 	Elapsed: 13.125	Loglikelihood: -2.04146e+07	(delta): -1.86265e-08
15 (QN/Block) 	Elapsed: 14.088	Loglikelihood: -2.04146e+07	(delta): 1.19209e-07
Summary: 
Converged in 15 iterations (212.941 sec)
Loglikelihood: -20414646.959390
Fst divergences between estimated populations: 
	Pop0	Pop1	
Pop0	
Pop1	0.393	
Pop2	0.177	0.302	
CV error (K=3): 0.73722
Writing output files.
