****                   ADMIXTURE Version 1.3.0                  ****
****                    Copyright 2008-2015                     ****
****           David Alexander, Suyash Shringarpure,            ****
****                John  Novembre, Ken Lange                   ****
****                                                            ****
****                 Please cite our paper!                     ****
****   Information at www.genetics.ucla.edu/software/admixture  ****

Cross-validation will be performed.  Folds=5.
Random seed: 43
Point estimation method: Block relaxation algorithm
Convergence acceleration algorithm: QuasiNewton, 3 secant conditions
Point estimation will terminate when objective function delta < 0.0001
Estimation of standard errors disabled; will compute point estimates only.
Size of G: 15x3515198
Performing five EM steps to prime main algorithm
1 (EM) 	Elapsed: 2.726	Loglikelihood: -2.94635e+07	(delta): 5.10535e+07
2 (EM) 	Elapsed: 2.73	Loglikelihood: -2.76884e+07	(delta): 1.77507e+06
3 (EM) 	Elapsed: 2.734	Loglikelihood: -2.69116e+07	(delta): 776779
4 (EM) 	Elapsed: 2.737	Loglikelihood: -2.62971e+07	(delta): 614532
5 (EM) 	Elapsed: 2.741	Loglikelihood: -2.57418e+07	(delta): 555272
Initial loglikelihood: -2.57418e+07
Starting main algorithm
1 (QN/Block) 	Elapsed: 14.536	Loglikelihood: -2.24163e+07	(delta): 3.32546e+06
2 (QN/Block) 	Elapsed: 14.381	Loglikelihood: -2.15584e+07	(delta): 857977
3 (QN/Block) 	Elapsed: 17.717	Loglikelihood: -2.05966e+07	(delta): 961773
4 (QN/Block) 	Elapsed: 17.726	Loglikelihood: -1.97223e+07	(delta): 874340
5 (QN/Block) 	Elapsed: 18.663	Loglikelihood: -1.93693e+07	(delta): 352955
6 (QN/Block) 	Elapsed: 17.717	Loglikelihood: -1.92372e+07	(delta): 132108
7 (QN/Block) 	Elapsed: 18.742	Loglikelihood: -1.92195e+07	(delta): 17743
8 (QN/Block) 	Elapsed: 18.726	Loglikelihood: -1.92161e+07	(delta): 3374.73
9 (QN/Block) 	Elapsed: 18.731	Loglikelihood: -1.92149e+07	(delta): 1143.85
10 (QN/Block) 	Elapsed: 18.624	Loglikelihood: -1.92146e+07	(delta): 304.31
11 (QN/Block) 	Elapsed: 18.495	Loglikelihood: -1.92146e+07	(delta): 24.1121
12 (QN/Block) 	Elapsed: 18.717	Loglikelihood: -1.92146e+07	(delta): 0.201702
13 (QN/Block) 	Elapsed: 18.662	Loglikelihood: -1.92146e+07	(delta): 9.08971e-07
Summary: 
Converged in 13 iterations (254.626 sec)
Loglikelihood: -19214605.442809
Fst divergences between estimated populations: 
	Pop0	Pop1	Pop2	
Pop0	
Pop1	0.207	
Pop2	0.208	0.244	
Pop3	0.322	0.393	0.361	
CV error (K=4): 0.89689
Writing output files.
